<?xml version='1.0' encoding='UTF-8'?>
<testsuite hostname="PC0244" name="CalcSpec" tests="7" errors="0" failures="0" skipped="0" time="0.499">
                     <properties>
[...]
</properties>
                     <testcase classname="CalcSpec" name="sum関数 should 整数の配列を取得し、それらを足し合わせた整数を返すことができる" time="0.031">
                                                 
                                               </testcase><testcase classname="CalcSpec" name="sum関数 should Intの最大を上回った際にはオーバーフローする" time="0.0">
                                                 
                                               </testcase><testcase classname="CalcSpec" name="div関数 should 整数を2つ受け取り、分子を分母で割った浮動小数点の値を返す" time="0.0">
                                                 
                                               </testcase><testcase classname="CalcSpec" name="div関数 should 0で割ろうとした際には実行時例外が投げられる" time="0.0">
                                                 
                                               </testcase><testcase classname="CalcSpec" name="isPrime関数 should その値が素数であるかどうかのブール値を返す" time="0.0">
                                                 
                                               </testcase><testcase classname="CalcSpec" name="isPrime関数 should 100万以下の値の素数判定を一秒以内で処理できる" time="0.0">
                                                 
                                               </testcase><testcase classname="CalcSpec" name="Calc のモックオブジェクト should 振る舞いを偽装することができる" time="0.468">
                                                 
                                               </testcase>
                     <system-out><![CDATA[]]></system-out>
                     <system-err><![CDATA[]]></system-err>
                   </testsuite>